<?xml version="1.0" encoding="UTF-8"?>
<testng-results ignored="0" total="1" passed="1" failed="0" skipped="0">
  <reporter-output>
  </reporter-output>
  <suite started-at="2023-08-08T23:48:38 IST" name="ImagineRIS" finished-at="2023-08-08T23:48:43 IST" duration-ms="5319">
    <groups>
    </groups>
    <test started-at="2023-08-08T23:48:38 IST" name="Test" finished-at="2023-08-08T23:48:43 IST" duration-ms="5319">
      <class name="com.inetproject.testCases.TC_LoginTest_001">
        <test-method is-config="true" signature="ExtentReport()[pri:0, instance:com.inetproject.testCases.TC_LoginTest_001@4c60d6e9]" started-at="2023-08-08T23:48:37 IST" name="ExtentReport" finished-at="2023-08-08T23:48:38 IST" duration-ms="147" status="PASS">
          <reporter-output>
          </reporter-output>
        </test-method> <!-- ExtentReport -->
        <test-method is-config="true" signature="setup(java.lang.String)[pri:0, instance:com.inetproject.testCases.TC_LoginTest_001@4c60d6e9]" started-at="2023-08-08T23:48:38 IST" name="setup" finished-at="2023-08-08T23:48:39 IST" duration-ms="1569" status="PASS">
          <params>
            <param index="0">
              <value>
                <![CDATA[chrome]]>
              </value>
            </param>
          </params>
          <reporter-output>
          </reporter-output>
        </test-method> <!-- setup -->
        <test-method signature="loginTest()[pri:0, instance:com.inetproject.testCases.TC_LoginTest_001@4c60d6e9]" started-at="2023-08-08T23:48:39 IST" name="loginTest" finished-at="2023-08-08T23:48:42 IST" duration-ms="3264" status="PASS">
          <reporter-output>
          </reporter-output>
        </test-method> <!-- loginTest -->
        <test-method is-config="true" signature="getResult(org.testng.ITestResult)[pri:0, instance:com.inetproject.testCases.TC_LoginTest_001@4c60d6e9]" started-at="2023-08-08T23:48:42 IST" name="getResult" finished-at="2023-08-08T23:48:42 IST" duration-ms="7" status="PASS">
          <params>
            <param index="0">
              <value>
                <![CDATA[[TestResult name=loginTest status=SUCCESS method=TC_LoginTest_001.loginTest()[pri:0, instance:com.inetproject.testCases.TC_LoginTest_001@4c60d6e9] output={null}]]]>
              </value>
            </param>
          </params>
          <reporter-output>
          </reporter-output>
        </test-method> <!-- getResult -->
        <test-method is-config="true" signature="teardown()[pri:0, instance:com.inetproject.testCases.TC_LoginTest_001@4c60d6e9]" started-at="2023-08-08T23:48:42 IST" name="teardown" finished-at="2023-08-08T23:48:43 IST" duration-ms="156" status="PASS">
          <reporter-output>
          </reporter-output>
        </test-method> <!-- teardown -->
        <test-method is-config="true" signature="TearDown()[pri:0, instance:com.inetproject.testCases.TC_LoginTest_001@4c60d6e9]" started-at="2023-08-08T23:48:43 IST" name="TearDown" finished-at="2023-08-08T23:48:43 IST" duration-ms="293" status="PASS">
          <reporter-output>
          </reporter-output>
        </test-method> <!-- TearDown -->
      </class> <!-- com.inetproject.testCases.TC_LoginTest_001 -->
    </test> <!-- Test -->
  </suite> <!-- ImagineRIS -->
</testng-results>
